#-----------------------------------------------------------
# xsim v2021.1 (64-bit)
# SW Build 3247384 on Thu Jun 10 19:36:33 MDT 2021
# IP Build 3246043 on Fri Jun 11 00:30:35 MDT 2021
# Start of session at: Sat Nov 13 14:40:58 2021
# Process ID: 32036
# Current directory: f:/Projects/GameMan/GameMan/GameMan.sim/sim_1/behav/xsim
# Command line: xsim.exe -log run.log -mode tcl -source {xsim.dir/cpu_tb1_behav/xsim_script.tcl}
# Log file: f:/Projects/GameMan/GameMan/GameMan.sim/sim_1/behav/xsim/run.log
# Journal file: f:/Projects/GameMan/GameMan/GameMan.sim/sim_1/behav/xsim\xsim.jou
#-----------------------------------------------------------
source xsim.dir/cpu_tb1_behav/xsim_script.tcl
# xsim {cpu_tb1_behav} -autoloadwcfg -runall -key {Behavioral:sim_1:Functional:cpu_tb1}
Time resolution is 1 ps
run -all
 Block Memory Generator module loading initial data...
 Block Memory Generator data initialization complete.
Block Memory Generator module cpu_tb1.uut.rom.unit.inst.\native_mem_module.blk_mem_gen_v8_4_4_inst  is using a behavioral model for simulation which will not precisely model memory collision behavior.
Block Memory Generator module cpu_tb1.uut.mram.unit.inst.\native_mem_module.blk_mem_gen_v8_4_4_inst  is using a behavioral model for simulation which will not precisely model memory collision behavior.
Block Memory Generator module cpu_tb1.uut.hram.unit.inst.\native_mem_module.blk_mem_gen_v8_4_4_inst  is using a behavioral model for simulation which will not precisely model memory collision behavior.
DMA grabbing the bus...
DMA grabbing the bus...
DMA grabbing the bus...
DMA grabbing the bus...
DMA grabbing the bus...
DMA grabbing the bus...
DMA grabbing the bus...
DMA grabbing the bus...
DMA grabbing the bus...
DMA grabbing the bus...
DMA grabbing the bus...
DMA grabbing the bus...
DMA grabbing the bus...
DMA grabbing the bus...
DMA grabbing the bus...
DMA grabbing the bus...
DMA grabbing the bus...
DMA grabbing the bus...
DMA grabbing the bus...
DMA grabbing the bus...
DMA grabbing the bus...
DMA grabbing the bus...
DMA grabbing the bus...
DMA grabbing the bus...
DMA grabbing the bus...
DMA grabbing the bus...
DMA grabbing the bus...
DMA grabbing the bus...
DMA grabbing the bus...
DMA grabbing the bus...
DMA grabbing the bus...
DMA grabbing the bus...
DMA grabbing the bus...
DMA grabbing the bus...
DMA grabbing the bus...
DMA grabbing the bus...
DMA grabbing the bus...
DMA grabbing the bus...
DMA grabbing the bus...
DMA grabbing the bus...
DMA grabbing the bus...
DMA grabbing the bus...
DMA grabbing the bus...
DMA grabbing the bus...
DMA grabbing the bus...
DMA grabbing the bus...
DMA grabbing the bus...
DMA grabbing the bus...
DMA grabbing the bus...
DMA grabbing the bus...
DMA grabbing the bus...
DMA grabbing the bus...
DMA grabbing the bus...
DMA grabbing the bus...
DMA grabbing the bus...
DMA grabbing the bus...
DMA grabbing the bus...
DMA grabbing the bus...
DMA grabbing the bus...
DMA grabbing the bus...
DMA grabbing the bus...
DMA grabbing the bus...
DMA grabbing the bus...
DMA grabbing the bus...
DMA grabbing the bus...
DMA grabbing the bus...
DMA grabbing the bus...
DMA grabbing the bus...
DMA grabbing the bus...
DMA grabbing the bus...
DMA grabbing the bus...
DMA grabbing the bus...
DMA grabbing the bus...
DMA grabbing the bus...
DMA grabbing the bus...
DMA grabbing the bus...
DMA grabbing the bus...
DMA grabbing the bus...
DMA grabbing the bus...
DMA grabbing the bus...
DMA grabbing the bus...
DMA grabbing the bus...
DMA grabbing the bus...
DMA grabbing the bus...
DMA grabbing the bus...
DMA grabbing the bus...
DMA grabbing the bus...
DMA grabbing the bus...
DMA grabbing the bus...
DMA grabbing the bus...
DMA grabbing the bus...
DMA grabbing the bus...
DMA grabbing the bus...
DMA grabbing the bus...
DMA grabbing the bus...
DMA grabbing the bus...
DMA grabbing the bus...
DMA grabbing the bus...
DMA grabbing the bus...
DMA grabbing the bus...
DMA grabbing the bus...
DMA grabbing the bus...
DMA grabbing the bus...
DMA grabbing the bus...
DMA grabbing the bus...
DMA grabbing the bus...
DMA grabbing the bus...
DMA grabbing the bus...
DMA grabbing the bus...
DMA grabbing the bus...
DMA grabbing the bus...
DMA grabbing the bus...
DMA grabbing the bus...
DMA grabbing the bus...
DMA grabbing the bus...
DMA grabbing the bus...
DMA grabbing the bus...
DMA grabbing the bus...
DMA grabbing the bus...
DMA grabbing the bus...
DMA grabbing the bus...
DMA grabbing the bus...
DMA grabbing the bus...
DMA grabbing the bus...
DMA grabbing the bus...
DMA grabbing the bus...
DMA grabbing the bus...
DMA grabbing the bus...
DMA grabbing the bus...
DMA grabbing the bus...
DMA grabbing the bus...
DMA grabbing the bus...
DMA grabbing the bus...
DMA grabbing the bus...
DMA grabbing the bus...
DMA grabbing the bus...
DMA grabbing the bus...
DMA grabbing the bus...
DMA grabbing the bus...
DMA grabbing the bus...
DMA grabbing the bus...
DMA grabbing the bus...
DMA grabbing the bus...
DMA grabbing the bus...
DMA grabbing the bus...
DMA grabbing the bus...
DMA grabbing the bus...
DMA grabbing the bus...
DMA grabbing the bus...
DMA grabbing the bus...
DMA grabbing the bus...
DMA grabbing the bus...
DMA grabbing the bus...
DMA grabbing the bus...
DMA grabbing the bus...
DMA grabbing the bus...
DMA grabbing the bus...
DMA grabbing the bus...
DMA grabbing the bus...
DMA grabbing the bus...
DMA grabbing the bus...
DMA grabbing the bus...
DMA grabbing the bus...
DMA grabbing the bus...
DMA grabbing the bus...
DMA grabbing the bus...
DMA grabbing the bus...
DMA grabbing the bus...
DMA grabbing the bus...
DMA grabbing the bus...
DMA grabbing the bus...
DMA grabbing the bus...
DMA grabbing the bus...
DMA grabbing the bus...
DMA grabbing the bus...
DMA grabbing the bus...
DMA grabbing the bus...
DMA grabbing the bus...
DMA grabbing the bus...
DMA grabbing the bus...
DMA grabbing the bus...
DMA grabbing the bus...
DMA grabbing the bus...
DMA grabbing the bus...
DMA grabbing the bus...
DMA grabbing the bus...
DMA grabbing the bus...
DMA grabbing the bus...
DMA grabbing the bus...
DMA grabbing the bus...
DMA grabbing the bus...
DMA grabbing the bus...
DMA grabbing the bus...
DMA grabbing the bus...
DMA grabbing the bus...
DMA grabbing the bus...
DMA grabbing the bus...
DMA grabbing the bus...
DMA grabbing the bus...
DMA grabbing the bus...
DMA grabbing the bus...
DMA grabbing the bus...
DMA grabbing the bus...
DMA grabbing the bus...
DMA grabbing the bus...
DMA grabbing the bus...
DMA grabbing the bus...
DMA grabbing the bus...
DMA grabbing the bus...
DMA grabbing the bus...
DMA grabbing the bus...
DMA grabbing the bus...
DMA grabbing the bus...
DMA grabbing the bus...
DMA grabbing the bus...
DMA grabbing the bus...
DMA grabbing the bus...
DMA grabbing the bus...
DMA grabbing the bus...
DMA grabbing the bus...
DMA grabbing the bus...
DMA grabbing the bus...
DMA grabbing the bus...
DMA grabbing the bus...
DMA grabbing the bus...
DMA grabbing the bus...
DMA grabbing the bus...
DMA grabbing the bus...
DMA grabbing the bus...
DMA grabbing the bus...
DMA grabbing the bus...
DMA grabbing the bus...
DMA grabbing the bus...
DMA grabbing the bus...
DMA grabbing the bus...
DMA grabbing the bus...
DMA grabbing the bus...
DMA grabbing the bus...
DMA grabbing the bus...
DMA grabbing the bus...
DMA grabbing the bus...
DMA grabbing the bus...
DMA grabbing the bus...
DMA grabbing the bus...
DMA grabbing the bus...
DMA grabbing the bus...
DMA grabbing the bus...
DMA grabbing the bus...
DMA grabbing the bus...
DMA grabbing the bus...
DMA grabbing the bus...
DMA grabbing the bus...
DMA grabbing the bus...
DMA grabbing the bus...
DMA grabbing the bus...
DMA grabbing the bus...
DMA grabbing the bus...
DMA grabbing the bus...
DMA grabbing the bus...
DMA grabbing the bus...
DMA grabbing the bus...
DMA grabbing the bus...
DMA grabbing the bus...
DMA grabbing the bus...
DMA grabbing the bus...
DMA grabbing the bus...
DMA grabbing the bus...
DMA grabbing the bus...
DMA grabbing the bus...
DMA grabbing the bus...
DMA grabbing the bus...
DMA grabbing the bus...
DMA grabbing the bus...
DMA grabbing the bus...
DMA grabbing the bus...
DMA grabbing the bus...
DMA grabbing the bus...
DMA grabbing the bus...
DMA grabbing the bus...
Encountered unkown instruction: fc
DMA grabbing the bus...
Encountered unkown instruction: fc
Encountered unkown instruction: fc
DMA grabbing the bus...
Encountered unkown instruction: fc
DMA grabbing the bus...
CPU Died!
$finish called at time : 2517715 ns : File "F:/Projects/GameMan/GameMan/GameMan.srcs/sources_1/imports/hdl/top_level.sv" Line 89
exit
INFO: [Common 17-206] Exiting xsim at Sat Nov 13 14:41:07 2021...
