Copyright 1986-2021 Xilinx, Inc. All Rights Reserved.
-----------------------------------------------------------------------------------------------------------------------------------------------------------------
| Tool Version : Vivado v.2021.1 (win64) Build 3247384 Thu Jun 10 19:36:33 MDT 2021
| Date         : Tue Nov  9 00:00:31 2021
| Host         : BasedTower running 64-bit major release  (build 9200)
| Command      : report_methodology -file top_level_methodology_drc_routed.rpt -pb top_level_methodology_drc_routed.pb -rpx top_level_methodology_drc_routed.rpx
| Design       : top_level
| Device       : xc7a100tcsg324-1
| Speed File   : -1
| Design State : Fully Routed
-----------------------------------------------------------------------------------------------------------------------------------------------------------------

Report Methodology

Table of Contents
-----------------
1. REPORT SUMMARY
2. REPORT DETAILS

1. REPORT SUMMARY
-----------------
            Netlist: netlist
          Floorplan: design_1
      Design limits: <entire design considered>
             Max violations: <unlimited>
             Violations found: 137
+-----------+----------+-------------------------------+------------+
| Rule      | Severity | Description                   | Violations |
+-----------+----------+-------------------------------+------------+
| TIMING-16 | Warning  | Large setup violation         | 105        |
| TIMING-18 | Warning  | Missing input or output delay | 32         |
+-----------+----------+-------------------------------+------------+

2. REPORT DETAILS
-----------------
TIMING-16#1 Warning
Large setup violation  
There is a large setup violation of -1.000 ns between rom/unit/U0/inst_blk_mem_gen/gnbram.gnativebmg.native_blk_mem_gen/valid.cstr/has_mux_a.A/douta[1]_INST_0_i_2_psbram/C (clocked by clk_4mhz) and cpu/decoder/decoded_action_reg[src][5]/D (clocked by clk_100mhz). Large setup violations at the end of those stages might be difficult to fix during the post-placement implementation flow and could be the result of non-optimal XDC constraints or non-optimal design architecture
Related violations: <none>

TIMING-16#2 Warning
Large setup violation  
There is a large setup violation of -1.120 ns between rom/unit/U0/inst_blk_mem_gen/gnbram.gnativebmg.native_blk_mem_gen/valid.cstr/has_mux_a.A/no_softecc_norm_sel2.has_mem_regs.WITHOUT_ECC_PIPE.ce_pri.sel_pipe_d1_reg[1]_replica_2/C (clocked by clk_4mhz) and cpu/decoder/prev_inst_reg[7]/D (clocked by clk_100mhz). Large setup violations at the end of those stages might be difficult to fix during the post-placement implementation flow and could be the result of non-optimal XDC constraints or non-optimal design architecture
Related violations: <none>

TIMING-16#3 Warning
Large setup violation  
There is a large setup violation of -1.138 ns between rom/unit/U0/inst_blk_mem_gen/gnbram.gnativebmg.native_blk_mem_gen/valid.cstr/has_mux_a.A/no_softecc_norm_sel2.has_mem_regs.WITHOUT_ECC_PIPE.ce_pri.sel_pipe_d1_reg[1]_replica_2/C (clocked by clk_4mhz) and cpu/decoder/prev_inst_reg[6]/D (clocked by clk_100mhz). Large setup violations at the end of those stages might be difficult to fix during the post-placement implementation flow and could be the result of non-optimal XDC constraints or non-optimal design architecture
Related violations: <none>

TIMING-16#4 Warning
Large setup violation  
There is a large setup violation of -1.326 ns between cpu/decoder/decoded_action_reg[dst][4]/C (clocked by clk_100mhz) and cpu/flags_reg[Z]/D (clocked by clk_100mhz). Large setup violations at the end of those stages might be difficult to fix during the post-placement implementation flow and could be the result of non-optimal XDC constraints or non-optimal design architecture
Related violations: <none>

TIMING-16#5 Warning
Large setup violation  
There is a large setup violation of -1.346 ns between rom/unit/U0/inst_blk_mem_gen/gnbram.gnativebmg.native_blk_mem_gen/valid.cstr/has_mux_a.A/no_softecc_norm_sel2.has_mem_regs.WITHOUT_ECC_PIPE.ce_pri.sel_pipe_d1_reg[1]_replica_2/C (clocked by clk_4mhz) and cpu/decoder/prev_inst_reg[5]/D (clocked by clk_100mhz). Large setup violations at the end of those stages might be difficult to fix during the post-placement implementation flow and could be the result of non-optimal XDC constraints or non-optimal design architecture
Related violations: <none>

TIMING-16#6 Warning
Large setup violation  
There is a large setup violation of -1.437 ns between cpu/mmu\\.addr_select_reg[9]/C (clocked by clk_100mhz) and cpu/decoder/decoded_action_reg[dst][6]/D (clocked by clk_100mhz). Large setup violations at the end of those stages might be difficult to fix during the post-placement implementation flow and could be the result of non-optimal XDC constraints or non-optimal design architecture
Related violations: <none>

TIMING-16#7 Warning
Large setup violation  
There is a large setup violation of -1.483 ns between cpu/mmu\\.addr_select_reg[9]/C (clocked by clk_100mhz) and cpu/decoder/decoded_action_reg[dst][5]/D (clocked by clk_100mhz). Large setup violations at the end of those stages might be difficult to fix during the post-placement implementation flow and could be the result of non-optimal XDC constraints or non-optimal design architecture
Related violations: <none>

TIMING-16#8 Warning
Large setup violation  
There is a large setup violation of -1.492 ns between cpu/mmu\\.addr_select_reg[9]/C (clocked by clk_100mhz) and cpu/decoder/decoded_action_reg[dst][7]/D (clocked by clk_100mhz). Large setup violations at the end of those stages might be difficult to fix during the post-placement implementation flow and could be the result of non-optimal XDC constraints or non-optimal design architecture
Related violations: <none>

TIMING-16#9 Warning
Large setup violation  
There is a large setup violation of -1.558 ns between rom/unit/U0/inst_blk_mem_gen/gnbram.gnativebmg.native_blk_mem_gen/valid.cstr/has_mux_a.A/douta[0]_INST_0_i_1_psbram/C (clocked by clk_4mhz) and cpu/decoder/decoded_action_reg[dst][1]/D (clocked by clk_100mhz). Large setup violations at the end of those stages might be difficult to fix during the post-placement implementation flow and could be the result of non-optimal XDC constraints or non-optimal design architecture
Related violations: <none>

TIMING-16#10 Warning
Large setup violation  
There is a large setup violation of -1.582 ns between mram/unit/U0/inst_blk_mem_gen/gnbram.gnativebmg.native_blk_mem_gen/valid.cstr/has_mux_a.A/douta[2]_INST_0_i_1_psbram/C (clocked by clk_4mhz) and cpu/decoder/cycles_left_reg[4]/D (clocked by clk_100mhz). Large setup violations at the end of those stages might be difficult to fix during the post-placement implementation flow and could be the result of non-optimal XDC constraints or non-optimal design architecture
Related violations: <none>

TIMING-16#11 Warning
Large setup violation  
There is a large setup violation of -1.617 ns between mram/unit/U0/inst_blk_mem_gen/gnbram.gnativebmg.native_blk_mem_gen/valid.cstr/has_mux_a.A/douta[2]_INST_0_i_1_psbram/C (clocked by clk_4mhz) and cpu/decoder/decoded_action_reg[dst][4]/D (clocked by clk_100mhz). Large setup violations at the end of those stages might be difficult to fix during the post-placement implementation flow and could be the result of non-optimal XDC constraints or non-optimal design architecture
Related violations: <none>

TIMING-16#12 Warning
Large setup violation  
There is a large setup violation of -1.685 ns between rom/unit/U0/inst_blk_mem_gen/gnbram.gnativebmg.native_blk_mem_gen/valid.cstr/has_mux_a.A/douta[1]_INST_0_i_2_psbram/C (clocked by clk_4mhz) and cpu/decoder/decoded_action_reg[src][4]/D (clocked by clk_100mhz). Large setup violations at the end of those stages might be difficult to fix during the post-placement implementation flow and could be the result of non-optimal XDC constraints or non-optimal design architecture
Related violations: <none>

TIMING-16#13 Warning
Large setup violation  
There is a large setup violation of -1.750 ns between cpu/mmu\\.addr_select_reg[8]/C (clocked by clk_100mhz) and cpu/decoder/cycles_left_reg[0]/CE (clocked by clk_100mhz). Large setup violations at the end of those stages might be difficult to fix during the post-placement implementation flow and could be the result of non-optimal XDC constraints or non-optimal design architecture
Related violations: <none>

TIMING-16#14 Warning
Large setup violation  
There is a large setup violation of -1.750 ns between cpu/mmu\\.addr_select_reg[8]/C (clocked by clk_100mhz) and cpu/decoder/cycles_left_reg[1]/CE (clocked by clk_100mhz). Large setup violations at the end of those stages might be difficult to fix during the post-placement implementation flow and could be the result of non-optimal XDC constraints or non-optimal design architecture
Related violations: <none>

TIMING-16#15 Warning
Large setup violation  
There is a large setup violation of -1.750 ns between cpu/mmu\\.addr_select_reg[8]/C (clocked by clk_100mhz) and cpu/decoder/cycles_left_reg[3]/CE (clocked by clk_100mhz). Large setup violations at the end of those stages might be difficult to fix during the post-placement implementation flow and could be the result of non-optimal XDC constraints or non-optimal design architecture
Related violations: <none>

TIMING-16#16 Warning
Large setup violation  
There is a large setup violation of -1.750 ns between cpu/mmu\\.addr_select_reg[8]/C (clocked by clk_100mhz) and cpu/decoder/cycles_left_reg[3]_rep__0/CE (clocked by clk_100mhz). Large setup violations at the end of those stages might be difficult to fix during the post-placement implementation flow and could be the result of non-optimal XDC constraints or non-optimal design architecture
Related violations: <none>

TIMING-16#17 Warning
Large setup violation  
There is a large setup violation of -1.750 ns between cpu/mmu\\.addr_select_reg[8]/C (clocked by clk_100mhz) and cpu/decoder/cycles_left_reg[4]/CE (clocked by clk_100mhz). Large setup violations at the end of those stages might be difficult to fix during the post-placement implementation flow and could be the result of non-optimal XDC constraints or non-optimal design architecture
Related violations: <none>

TIMING-16#18 Warning
Large setup violation  
There is a large setup violation of -1.751 ns between rom/unit/U0/inst_blk_mem_gen/gnbram.gnativebmg.native_blk_mem_gen/valid.cstr/has_mux_a.A/douta[1]_INST_0_i_2_psbram/C (clocked by clk_4mhz) and cpu/decoder/current_inst_reg[0]/CE (clocked by clk_100mhz). Large setup violations at the end of those stages might be difficult to fix during the post-placement implementation flow and could be the result of non-optimal XDC constraints or non-optimal design architecture
Related violations: <none>

TIMING-16#19 Warning
Large setup violation  
There is a large setup violation of -1.751 ns between rom/unit/U0/inst_blk_mem_gen/gnbram.gnativebmg.native_blk_mem_gen/valid.cstr/has_mux_a.A/douta[1]_INST_0_i_2_psbram/C (clocked by clk_4mhz) and cpu/decoder/current_inst_reg[1]/CE (clocked by clk_100mhz). Large setup violations at the end of those stages might be difficult to fix during the post-placement implementation flow and could be the result of non-optimal XDC constraints or non-optimal design architecture
Related violations: <none>

TIMING-16#20 Warning
Large setup violation  
There is a large setup violation of -1.751 ns between rom/unit/U0/inst_blk_mem_gen/gnbram.gnativebmg.native_blk_mem_gen/valid.cstr/has_mux_a.A/douta[1]_INST_0_i_2_psbram/C (clocked by clk_4mhz) and cpu/decoder/current_inst_reg[2]/CE (clocked by clk_100mhz). Large setup violations at the end of those stages might be difficult to fix during the post-placement implementation flow and could be the result of non-optimal XDC constraints or non-optimal design architecture
Related violations: <none>

TIMING-16#21 Warning
Large setup violation  
There is a large setup violation of -1.751 ns between rom/unit/U0/inst_blk_mem_gen/gnbram.gnativebmg.native_blk_mem_gen/valid.cstr/has_mux_a.A/douta[1]_INST_0_i_2_psbram/C (clocked by clk_4mhz) and cpu/decoder/current_inst_reg[3]/CE (clocked by clk_100mhz). Large setup violations at the end of those stages might be difficult to fix during the post-placement implementation flow and could be the result of non-optimal XDC constraints or non-optimal design architecture
Related violations: <none>

TIMING-16#22 Warning
Large setup violation  
There is a large setup violation of -1.751 ns between rom/unit/U0/inst_blk_mem_gen/gnbram.gnativebmg.native_blk_mem_gen/valid.cstr/has_mux_a.A/douta[1]_INST_0_i_2_psbram/C (clocked by clk_4mhz) and cpu/decoder/current_inst_reg[5]/CE (clocked by clk_100mhz). Large setup violations at the end of those stages might be difficult to fix during the post-placement implementation flow and could be the result of non-optimal XDC constraints or non-optimal design architecture
Related violations: <none>

TIMING-16#23 Warning
Large setup violation  
There is a large setup violation of -1.751 ns between rom/unit/U0/inst_blk_mem_gen/gnbram.gnativebmg.native_blk_mem_gen/valid.cstr/has_mux_a.A/douta[1]_INST_0_i_2_psbram/C (clocked by clk_4mhz) and cpu/decoder/current_inst_reg[7]/CE (clocked by clk_100mhz). Large setup violations at the end of those stages might be difficult to fix during the post-placement implementation flow and could be the result of non-optimal XDC constraints or non-optimal design architecture
Related violations: <none>

TIMING-16#24 Warning
Large setup violation  
There is a large setup violation of -1.834 ns between rom/unit/U0/inst_blk_mem_gen/gnbram.gnativebmg.native_blk_mem_gen/valid.cstr/has_mux_a.A/douta[0]_INST_0_i_1_psbram/C (clocked by clk_4mhz) and cpu/decoder/decoded_action_reg[arg][0]_rep__0/D (clocked by clk_100mhz). Large setup violations at the end of those stages might be difficult to fix during the post-placement implementation flow and could be the result of non-optimal XDC constraints or non-optimal design architecture
Related violations: <none>

TIMING-16#25 Warning
Large setup violation  
There is a large setup violation of -1.837 ns between mram/unit/U0/inst_blk_mem_gen/gnbram.gnativebmg.native_blk_mem_gen/valid.cstr/has_mux_a.A/douta[2]_INST_0_i_1_psbram/C (clocked by clk_4mhz) and cpu/decoder/decoded_action_reg[act][4]/D (clocked by clk_100mhz). Large setup violations at the end of those stages might be difficult to fix during the post-placement implementation flow and could be the result of non-optimal XDC constraints or non-optimal design architecture
Related violations: <none>

TIMING-16#26 Warning
Large setup violation  
There is a large setup violation of -1.862 ns between rom/unit/U0/inst_blk_mem_gen/gnbram.gnativebmg.native_blk_mem_gen/valid.cstr/has_mux_a.A/douta[1]_INST_0_i_2_psbram/C (clocked by clk_4mhz) and cpu/decoder/decoded_action_reg[act][3]/D (clocked by clk_100mhz). Large setup violations at the end of those stages might be difficult to fix during the post-placement implementation flow and could be the result of non-optimal XDC constraints or non-optimal design architecture
Related violations: <none>

TIMING-16#27 Warning
Large setup violation  
There is a large setup violation of -1.869 ns between cpu/mmu\\.addr_select_reg[8]/C (clocked by clk_100mhz) and cpu/decoder/cycles_left_reg[2]/CE (clocked by clk_100mhz). Large setup violations at the end of those stages might be difficult to fix during the post-placement implementation flow and could be the result of non-optimal XDC constraints or non-optimal design architecture
Related violations: <none>

TIMING-16#28 Warning
Large setup violation  
There is a large setup violation of -1.893 ns between cpu/mmu\\.addr_select_reg[8]/C (clocked by clk_100mhz) and cpu/decoder/cycles_left_reg[3]_rep/CE (clocked by clk_100mhz). Large setup violations at the end of those stages might be difficult to fix during the post-placement implementation flow and could be the result of non-optimal XDC constraints or non-optimal design architecture
Related violations: <none>

TIMING-16#29 Warning
Large setup violation  
There is a large setup violation of -1.903 ns between rom/unit/U0/inst_blk_mem_gen/gnbram.gnativebmg.native_blk_mem_gen/valid.cstr/has_mux_a.A/douta[0]_INST_0_i_1_psbram/C (clocked by clk_4mhz) and cpu/decoder/decoded_action_reg[arg][0]/D (clocked by clk_100mhz). Large setup violations at the end of those stages might be difficult to fix during the post-placement implementation flow and could be the result of non-optimal XDC constraints or non-optimal design architecture
Related violations: <none>

TIMING-16#30 Warning
Large setup violation  
There is a large setup violation of -1.904 ns between rom/unit/U0/inst_blk_mem_gen/gnbram.gnativebmg.native_blk_mem_gen/valid.cstr/has_mux_a.A/douta[0]_INST_0_i_1_psbram/C (clocked by clk_4mhz) and cpu/decoder/cycles_left_reg[3]/D (clocked by clk_100mhz). Large setup violations at the end of those stages might be difficult to fix during the post-placement implementation flow and could be the result of non-optimal XDC constraints or non-optimal design architecture
Related violations: <none>

TIMING-16#31 Warning
Large setup violation  
There is a large setup violation of -1.911 ns between rom/unit/U0/inst_blk_mem_gen/gnbram.gnativebmg.native_blk_mem_gen/valid.cstr/has_mux_a.A/douta[0]_INST_0_i_1_psbram/C (clocked by clk_4mhz) and cpu/decoder/cycles_left_reg[3]_rep__0/D (clocked by clk_100mhz). Large setup violations at the end of those stages might be difficult to fix during the post-placement implementation flow and could be the result of non-optimal XDC constraints or non-optimal design architecture
Related violations: <none>

TIMING-16#32 Warning
Large setup violation  
There is a large setup violation of -1.934 ns between rom/unit/U0/inst_blk_mem_gen/gnbram.gnativebmg.native_blk_mem_gen/valid.cstr/has_mux_a.A/douta[1]_INST_0_i_2_psbram/C (clocked by clk_4mhz) and cpu/decoder/current_inst_reg[6]/CE (clocked by clk_100mhz). Large setup violations at the end of those stages might be difficult to fix during the post-placement implementation flow and could be the result of non-optimal XDC constraints or non-optimal design architecture
Related violations: <none>

TIMING-16#33 Warning
Large setup violation  
There is a large setup violation of -1.948 ns between rom/unit/U0/inst_blk_mem_gen/gnbram.gnativebmg.native_blk_mem_gen/valid.cstr/has_mux_a.A/douta[0]_INST_0_i_1_psbram/C (clocked by clk_4mhz) and cpu/decoder/decoded_action_reg[src][2]/D (clocked by clk_100mhz). Large setup violations at the end of those stages might be difficult to fix during the post-placement implementation flow and could be the result of non-optimal XDC constraints or non-optimal design architecture
Related violations: <none>

TIMING-16#34 Warning
Large setup violation  
There is a large setup violation of -1.950 ns between cpu/mmu\\.addr_select_reg[8]/C (clocked by clk_100mhz) and cpu/decoder/cycles_left_reg[2]_rep/CE (clocked by clk_100mhz). Large setup violations at the end of those stages might be difficult to fix during the post-placement implementation flow and could be the result of non-optimal XDC constraints or non-optimal design architecture
Related violations: <none>

TIMING-16#35 Warning
Large setup violation  
There is a large setup violation of -1.950 ns between cpu/mmu\\.addr_select_reg[8]/C (clocked by clk_100mhz) and cpu/decoder/cycles_left_reg[2]_rep__0/CE (clocked by clk_100mhz). Large setup violations at the end of those stages might be difficult to fix during the post-placement implementation flow and could be the result of non-optimal XDC constraints or non-optimal design architecture
Related violations: <none>

TIMING-16#36 Warning
Large setup violation  
There is a large setup violation of -1.961 ns between rom/unit/U0/inst_blk_mem_gen/gnbram.gnativebmg.native_blk_mem_gen/valid.cstr/has_mux_a.A/no_softecc_norm_sel2.has_mem_regs.WITHOUT_ECC_PIPE.ce_pri.sel_pipe_d1_reg[1]_replica_2/C (clocked by clk_4mhz) and cpu/decoder/prev_inst_reg[2]/D (clocked by clk_100mhz). Large setup violations at the end of those stages might be difficult to fix during the post-placement implementation flow and could be the result of non-optimal XDC constraints or non-optimal design architecture
Related violations: <none>

TIMING-16#37 Warning
Large setup violation  
There is a large setup violation of -1.965 ns between rom/unit/U0/inst_blk_mem_gen/gnbram.gnativebmg.native_blk_mem_gen/valid.cstr/has_mux_a.A/douta[0]_INST_0_i_1_psbram/C (clocked by clk_4mhz) and cpu/decoder/decoded_action_reg[src][6]/D (clocked by clk_100mhz). Large setup violations at the end of those stages might be difficult to fix during the post-placement implementation flow and could be the result of non-optimal XDC constraints or non-optimal design architecture
Related violations: <none>

TIMING-16#38 Warning
Large setup violation  
There is a large setup violation of -1.971 ns between rom/unit/U0/inst_blk_mem_gen/gnbram.gnativebmg.native_blk_mem_gen/valid.cstr/has_mux_a.A/douta[1]_INST_0_i_2_psbram/C (clocked by clk_4mhz) and cpu/decoder/decoded_action_reg[arg][0]_rep/D (clocked by clk_100mhz). Large setup violations at the end of those stages might be difficult to fix during the post-placement implementation flow and could be the result of non-optimal XDC constraints or non-optimal design architecture
Related violations: <none>

TIMING-16#39 Warning
Large setup violation  
There is a large setup violation of -1.979 ns between rom/unit/U0/inst_blk_mem_gen/gnbram.gnativebmg.native_blk_mem_gen/valid.cstr/has_mux_a.A/douta[4]_INST_0_i_1_psbram/C (clocked by clk_4mhz) and cpu/decoder/decoded_action_reg[arg][5]/D (clocked by clk_100mhz). Large setup violations at the end of those stages might be difficult to fix during the post-placement implementation flow and could be the result of non-optimal XDC constraints or non-optimal design architecture
Related violations: <none>

TIMING-16#40 Warning
Large setup violation  
There is a large setup violation of -1.985 ns between rom/unit/U0/inst_blk_mem_gen/gnbram.gnativebmg.native_blk_mem_gen/valid.cstr/has_mux_a.A/douta[4]_INST_0_i_1_psbram/C (clocked by clk_4mhz) and cpu/decoder/decoded_action_reg[arg][7]/D (clocked by clk_100mhz). Large setup violations at the end of those stages might be difficult to fix during the post-placement implementation flow and could be the result of non-optimal XDC constraints or non-optimal design architecture
Related violations: <none>

TIMING-16#41 Warning
Large setup violation  
There is a large setup violation of -2.020 ns between mram/unit/U0/inst_blk_mem_gen/gnbram.gnativebmg.native_blk_mem_gen/valid.cstr/has_mux_a.A/douta[2]_INST_0_i_1_psbram/C (clocked by clk_4mhz) and cpu/decoder/decoded_action_reg[dst][1]/CE (clocked by clk_100mhz). Large setup violations at the end of those stages might be difficult to fix during the post-placement implementation flow and could be the result of non-optimal XDC constraints or non-optimal design architecture
Related violations: <none>

TIMING-16#42 Warning
Large setup violation  
There is a large setup violation of -2.020 ns between mram/unit/U0/inst_blk_mem_gen/gnbram.gnativebmg.native_blk_mem_gen/valid.cstr/has_mux_a.A/douta[2]_INST_0_i_1_psbram/C (clocked by clk_4mhz) and cpu/decoder/decoded_action_reg[dst][2]/CE (clocked by clk_100mhz). Large setup violations at the end of those stages might be difficult to fix during the post-placement implementation flow and could be the result of non-optimal XDC constraints or non-optimal design architecture
Related violations: <none>

TIMING-16#43 Warning
Large setup violation  
There is a large setup violation of -2.020 ns between mram/unit/U0/inst_blk_mem_gen/gnbram.gnativebmg.native_blk_mem_gen/valid.cstr/has_mux_a.A/douta[2]_INST_0_i_1_psbram/C (clocked by clk_4mhz) and cpu/decoder/decoded_action_reg[dst][4]/CE (clocked by clk_100mhz). Large setup violations at the end of those stages might be difficult to fix during the post-placement implementation flow and could be the result of non-optimal XDC constraints or non-optimal design architecture
Related violations: <none>

TIMING-16#44 Warning
Large setup violation  
There is a large setup violation of -2.020 ns between mram/unit/U0/inst_blk_mem_gen/gnbram.gnativebmg.native_blk_mem_gen/valid.cstr/has_mux_a.A/douta[2]_INST_0_i_1_psbram/C (clocked by clk_4mhz) and cpu/decoder/decoded_action_reg[dst][5]/CE (clocked by clk_100mhz). Large setup violations at the end of those stages might be difficult to fix during the post-placement implementation flow and could be the result of non-optimal XDC constraints or non-optimal design architecture
Related violations: <none>

TIMING-16#45 Warning
Large setup violation  
There is a large setup violation of -2.020 ns between mram/unit/U0/inst_blk_mem_gen/gnbram.gnativebmg.native_blk_mem_gen/valid.cstr/has_mux_a.A/douta[2]_INST_0_i_1_psbram/C (clocked by clk_4mhz) and cpu/decoder/decoded_action_reg[dst][6]/CE (clocked by clk_100mhz). Large setup violations at the end of those stages might be difficult to fix during the post-placement implementation flow and could be the result of non-optimal XDC constraints or non-optimal design architecture
Related violations: <none>

TIMING-16#46 Warning
Large setup violation  
There is a large setup violation of -2.020 ns between mram/unit/U0/inst_blk_mem_gen/gnbram.gnativebmg.native_blk_mem_gen/valid.cstr/has_mux_a.A/douta[2]_INST_0_i_1_psbram/C (clocked by clk_4mhz) and cpu/decoder/decoded_action_reg[dst][7]/CE (clocked by clk_100mhz). Large setup violations at the end of those stages might be difficult to fix during the post-placement implementation flow and could be the result of non-optimal XDC constraints or non-optimal design architecture
Related violations: <none>

TIMING-16#47 Warning
Large setup violation  
There is a large setup violation of -2.027 ns between mram/unit/U0/inst_blk_mem_gen/gnbram.gnativebmg.native_blk_mem_gen/valid.cstr/has_mux_a.A/douta[2]_INST_0_i_1_psbram/C (clocked by clk_4mhz) and cpu/decoder/decoded_action_reg[dst][3]/CE (clocked by clk_100mhz). Large setup violations at the end of those stages might be difficult to fix during the post-placement implementation flow and could be the result of non-optimal XDC constraints or non-optimal design architecture
Related violations: <none>

TIMING-16#48 Warning
Large setup violation  
There is a large setup violation of -2.038 ns between rom/unit/U0/inst_blk_mem_gen/gnbram.gnativebmg.native_blk_mem_gen/valid.cstr/has_mux_a.A/douta[0]_INST_0_i_1_psbram/C (clocked by clk_4mhz) and cpu/decoder/decoded_action_reg[arg][3]/D (clocked by clk_100mhz). Large setup violations at the end of those stages might be difficult to fix during the post-placement implementation flow and could be the result of non-optimal XDC constraints or non-optimal design architecture
Related violations: <none>

TIMING-16#49 Warning
Large setup violation  
There is a large setup violation of -2.050 ns between mram/unit/U0/inst_blk_mem_gen/gnbram.gnativebmg.native_blk_mem_gen/valid.cstr/has_mux_a.A/douta[2]_INST_0_i_1_psbram/C (clocked by clk_4mhz) and cpu/decoder/decoded_action_reg[dst][0]/CE (clocked by clk_100mhz). Large setup violations at the end of those stages might be difficult to fix during the post-placement implementation flow and could be the result of non-optimal XDC constraints or non-optimal design architecture
Related violations: <none>

TIMING-16#50 Warning
Large setup violation  
There is a large setup violation of -2.056 ns between rom/unit/U0/inst_blk_mem_gen/gnbram.gnativebmg.native_blk_mem_gen/valid.cstr/has_mux_a.A/douta[4]_INST_0_i_1_psbram/C (clocked by clk_4mhz) and cpu/decoder/prev_inst_reg[2]/CE (clocked by clk_100mhz). Large setup violations at the end of those stages might be difficult to fix during the post-placement implementation flow and could be the result of non-optimal XDC constraints or non-optimal design architecture
Related violations: <none>

TIMING-16#51 Warning
Large setup violation  
There is a large setup violation of -2.084 ns between rom/unit/U0/inst_blk_mem_gen/gnbram.gnativebmg.native_blk_mem_gen/valid.cstr/has_mux_a.A/douta[0]_INST_0_i_1_psbram/C (clocked by clk_4mhz) and cpu/decoder/current_inst_reg[4]/D (clocked by clk_100mhz). Large setup violations at the end of those stages might be difficult to fix during the post-placement implementation flow and could be the result of non-optimal XDC constraints or non-optimal design architecture
Related violations: <none>

TIMING-16#52 Warning
Large setup violation  
There is a large setup violation of -2.111 ns between rom/unit/U0/inst_blk_mem_gen/gnbram.gnativebmg.native_blk_mem_gen/valid.cstr/has_mux_a.A/douta[1]_INST_0_i_2_psbram/C (clocked by clk_4mhz) and cpu/decoder/decoded_action_reg[arg][6]/D (clocked by clk_100mhz). Large setup violations at the end of those stages might be difficult to fix during the post-placement implementation flow and could be the result of non-optimal XDC constraints or non-optimal design architecture
Related violations: <none>

TIMING-16#53 Warning
Large setup violation  
There is a large setup violation of -2.133 ns between cpu/mmu\\.addr_select_reg[8]/C (clocked by clk_100mhz) and cpu/decoder/decoded_action_reg[dst][3]/D (clocked by clk_100mhz). Large setup violations at the end of those stages might be difficult to fix during the post-placement implementation flow and could be the result of non-optimal XDC constraints or non-optimal design architecture
Related violations: <none>

TIMING-16#54 Warning
Large setup violation  
There is a large setup violation of -2.136 ns between rom/unit/U0/inst_blk_mem_gen/gnbram.gnativebmg.native_blk_mem_gen/valid.cstr/has_mux_a.A/douta[0]_INST_0_i_1_psbram/C (clocked by clk_4mhz) and cpu/decoder/cycles_left_reg[3]_rep/D (clocked by clk_100mhz). Large setup violations at the end of those stages might be difficult to fix during the post-placement implementation flow and could be the result of non-optimal XDC constraints or non-optimal design architecture
Related violations: <none>

TIMING-16#55 Warning
Large setup violation  
There is a large setup violation of -2.136 ns between rom/unit/U0/inst_blk_mem_gen/gnbram.gnativebmg.native_blk_mem_gen/valid.cstr/has_mux_a.A/douta[4]_INST_0_i_1_psbram/C (clocked by clk_4mhz) and cpu/decoder/prev_inst_reg[4]/CE (clocked by clk_100mhz). Large setup violations at the end of those stages might be difficult to fix during the post-placement implementation flow and could be the result of non-optimal XDC constraints or non-optimal design architecture
Related violations: <none>

TIMING-16#56 Warning
Large setup violation  
There is a large setup violation of -2.136 ns between rom/unit/U0/inst_blk_mem_gen/gnbram.gnativebmg.native_blk_mem_gen/valid.cstr/has_mux_a.A/douta[4]_INST_0_i_1_psbram/C (clocked by clk_4mhz) and cpu/decoder/prev_inst_reg[5]/CE (clocked by clk_100mhz). Large setup violations at the end of those stages might be difficult to fix during the post-placement implementation flow and could be the result of non-optimal XDC constraints or non-optimal design architecture
Related violations: <none>

TIMING-16#57 Warning
Large setup violation  
There is a large setup violation of -2.136 ns between rom/unit/U0/inst_blk_mem_gen/gnbram.gnativebmg.native_blk_mem_gen/valid.cstr/has_mux_a.A/douta[4]_INST_0_i_1_psbram/C (clocked by clk_4mhz) and cpu/decoder/prev_inst_reg[6]/CE (clocked by clk_100mhz). Large setup violations at the end of those stages might be difficult to fix during the post-placement implementation flow and could be the result of non-optimal XDC constraints or non-optimal design architecture
Related violations: <none>

TIMING-16#58 Warning
Large setup violation  
There is a large setup violation of -2.136 ns between rom/unit/U0/inst_blk_mem_gen/gnbram.gnativebmg.native_blk_mem_gen/valid.cstr/has_mux_a.A/douta[4]_INST_0_i_1_psbram/C (clocked by clk_4mhz) and cpu/decoder/prev_inst_reg[7]/CE (clocked by clk_100mhz). Large setup violations at the end of those stages might be difficult to fix during the post-placement implementation flow and could be the result of non-optimal XDC constraints or non-optimal design architecture
Related violations: <none>

TIMING-16#59 Warning
Large setup violation  
There is a large setup violation of -2.142 ns between rom/unit/U0/inst_blk_mem_gen/gnbram.gnativebmg.native_blk_mem_gen/valid.cstr/has_mux_a.A/douta[0]_INST_0_i_1_psbram/C (clocked by clk_4mhz) and cpu/decoder/decoded_action_reg[dst][0]/D (clocked by clk_100mhz). Large setup violations at the end of those stages might be difficult to fix during the post-placement implementation flow and could be the result of non-optimal XDC constraints or non-optimal design architecture
Related violations: <none>

TIMING-16#60 Warning
Large setup violation  
There is a large setup violation of -2.163 ns between rom/unit/U0/inst_blk_mem_gen/gnbram.gnativebmg.native_blk_mem_gen/valid.cstr/has_mux_a.A/douta[1]_INST_0_i_2_psbram/C (clocked by clk_4mhz) and cpu/decoder/decoded_action_reg[act][0]/D (clocked by clk_100mhz). Large setup violations at the end of those stages might be difficult to fix during the post-placement implementation flow and could be the result of non-optimal XDC constraints or non-optimal design architecture
Related violations: <none>

TIMING-16#61 Warning
Large setup violation  
There is a large setup violation of -2.175 ns between mram/unit/U0/inst_blk_mem_gen/gnbram.gnativebmg.native_blk_mem_gen/valid.cstr/has_mux_a.A/douta[2]_INST_0_i_1_psbram/C (clocked by clk_4mhz) and cpu/decoder/decoded_action_reg[src][0]/CE (clocked by clk_100mhz). Large setup violations at the end of those stages might be difficult to fix during the post-placement implementation flow and could be the result of non-optimal XDC constraints or non-optimal design architecture
Related violations: <none>

TIMING-16#62 Warning
Large setup violation  
There is a large setup violation of -2.175 ns between mram/unit/U0/inst_blk_mem_gen/gnbram.gnativebmg.native_blk_mem_gen/valid.cstr/has_mux_a.A/douta[2]_INST_0_i_1_psbram/C (clocked by clk_4mhz) and cpu/decoder/decoded_action_reg[src][1]/CE (clocked by clk_100mhz). Large setup violations at the end of those stages might be difficult to fix during the post-placement implementation flow and could be the result of non-optimal XDC constraints or non-optimal design architecture
Related violations: <none>

TIMING-16#63 Warning
Large setup violation  
There is a large setup violation of -2.175 ns between mram/unit/U0/inst_blk_mem_gen/gnbram.gnativebmg.native_blk_mem_gen/valid.cstr/has_mux_a.A/douta[2]_INST_0_i_1_psbram/C (clocked by clk_4mhz) and cpu/decoder/decoded_action_reg[src][3]/CE (clocked by clk_100mhz). Large setup violations at the end of those stages might be difficult to fix during the post-placement implementation flow and could be the result of non-optimal XDC constraints or non-optimal design architecture
Related violations: <none>

TIMING-16#64 Warning
Large setup violation  
There is a large setup violation of -2.187 ns between rom/unit/U0/inst_blk_mem_gen/gnbram.gnativebmg.native_blk_mem_gen/valid.cstr/has_mux_a.A/douta[0]_INST_0_i_1_psbram/C (clocked by clk_4mhz) and cpu/decoder/decoded_action_reg[src][0]/D (clocked by clk_100mhz). Large setup violations at the end of those stages might be difficult to fix during the post-placement implementation flow and could be the result of non-optimal XDC constraints or non-optimal design architecture
Related violations: <none>

TIMING-16#65 Warning
Large setup violation  
There is a large setup violation of -2.209 ns between rom/unit/U0/inst_blk_mem_gen/gnbram.gnativebmg.native_blk_mem_gen/valid.cstr/has_mux_a.A/douta[1]_INST_0_i_2_psbram/C (clocked by clk_4mhz) and cpu/decoder/decoded_action_reg[arg][6]/CE (clocked by clk_100mhz). Large setup violations at the end of those stages might be difficult to fix during the post-placement implementation flow and could be the result of non-optimal XDC constraints or non-optimal design architecture
Related violations: <none>

TIMING-16#66 Warning
Large setup violation  
There is a large setup violation of -2.220 ns between rom/unit/U0/inst_blk_mem_gen/gnbram.gnativebmg.native_blk_mem_gen/valid.cstr/has_mux_a.A/douta[1]_INST_0_i_2_psbram/C (clocked by clk_4mhz) and cpu/decoder/decoded_action_reg[arg][3]/CE (clocked by clk_100mhz). Large setup violations at the end of those stages might be difficult to fix during the post-placement implementation flow and could be the result of non-optimal XDC constraints or non-optimal design architecture
Related violations: <none>

TIMING-16#67 Warning
Large setup violation  
There is a large setup violation of -2.220 ns between rom/unit/U0/inst_blk_mem_gen/gnbram.gnativebmg.native_blk_mem_gen/valid.cstr/has_mux_a.A/douta[1]_INST_0_i_2_psbram/C (clocked by clk_4mhz) and cpu/decoder/decoded_action_reg[arg][5]/CE (clocked by clk_100mhz). Large setup violations at the end of those stages might be difficult to fix during the post-placement implementation flow and could be the result of non-optimal XDC constraints or non-optimal design architecture
Related violations: <none>

TIMING-16#68 Warning
Large setup violation  
There is a large setup violation of -2.225 ns between rom/unit/U0/inst_blk_mem_gen/gnbram.gnativebmg.native_blk_mem_gen/valid.cstr/has_mux_a.A/douta[0]_INST_0_i_1_psbram/C (clocked by clk_4mhz) and cpu/decoder/decoded_action_reg[act][2]/D (clocked by clk_100mhz). Large setup violations at the end of those stages might be difficult to fix during the post-placement implementation flow and could be the result of non-optimal XDC constraints or non-optimal design architecture
Related violations: <none>

TIMING-16#69 Warning
Large setup violation  
There is a large setup violation of -2.229 ns between rom/unit/U0/inst_blk_mem_gen/gnbram.gnativebmg.native_blk_mem_gen/valid.cstr/has_mux_a.A/douta[4]_INST_0_i_1_psbram/C (clocked by clk_4mhz) and cpu/decoder/prev_inst_reg[1]/CE (clocked by clk_100mhz). Large setup violations at the end of those stages might be difficult to fix during the post-placement implementation flow and could be the result of non-optimal XDC constraints or non-optimal design architecture
Related violations: <none>

TIMING-16#70 Warning
Large setup violation  
There is a large setup violation of -2.235 ns between rom/unit/U0/inst_blk_mem_gen/gnbram.gnativebmg.native_blk_mem_gen/valid.cstr/has_mux_a.A/douta[0]_INST_0_i_1_psbram/C (clocked by clk_4mhz) and cpu/decoder/cycles_left_reg[2]_rep/D (clocked by clk_100mhz). Large setup violations at the end of those stages might be difficult to fix during the post-placement implementation flow and could be the result of non-optimal XDC constraints or non-optimal design architecture
Related violations: <none>

TIMING-16#71 Warning
Large setup violation  
There is a large setup violation of -2.235 ns between rom/unit/U0/inst_blk_mem_gen/gnbram.gnativebmg.native_blk_mem_gen/valid.cstr/has_mux_a.A/douta[4]_INST_0_i_1_psbram/C (clocked by clk_4mhz) and cpu/decoder/decoded_action_reg[src][1]/D (clocked by clk_100mhz). Large setup violations at the end of those stages might be difficult to fix during the post-placement implementation flow and could be the result of non-optimal XDC constraints or non-optimal design architecture
Related violations: <none>

TIMING-16#72 Warning
Large setup violation  
There is a large setup violation of -2.246 ns between rom/unit/U0/inst_blk_mem_gen/gnbram.gnativebmg.native_blk_mem_gen/valid.cstr/has_mux_a.A/douta[0]_INST_0_i_1_psbram/C (clocked by clk_4mhz) and cpu/decoder/decoded_action_reg[src][3]/D (clocked by clk_100mhz). Large setup violations at the end of those stages might be difficult to fix during the post-placement implementation flow and could be the result of non-optimal XDC constraints or non-optimal design architecture
Related violations: <none>

TIMING-16#73 Warning
Large setup violation  
There is a large setup violation of -2.279 ns between mram/unit/U0/inst_blk_mem_gen/gnbram.gnativebmg.native_blk_mem_gen/valid.cstr/has_mux_a.A/douta[2]_INST_0_i_1_psbram/C (clocked by clk_4mhz) and cpu/decoder/decoded_action_reg[src][4]/CE (clocked by clk_100mhz). Large setup violations at the end of those stages might be difficult to fix during the post-placement implementation flow and could be the result of non-optimal XDC constraints or non-optimal design architecture
Related violations: <none>

TIMING-16#74 Warning
Large setup violation  
There is a large setup violation of -2.279 ns between mram/unit/U0/inst_blk_mem_gen/gnbram.gnativebmg.native_blk_mem_gen/valid.cstr/has_mux_a.A/douta[2]_INST_0_i_1_psbram/C (clocked by clk_4mhz) and cpu/decoder/decoded_action_reg[src][7]/CE (clocked by clk_100mhz). Large setup violations at the end of those stages might be difficult to fix during the post-placement implementation flow and could be the result of non-optimal XDC constraints or non-optimal design architecture
Related violations: <none>

TIMING-16#75 Warning
Large setup violation  
There is a large setup violation of -2.281 ns between rom/unit/U0/inst_blk_mem_gen/gnbram.gnativebmg.native_blk_mem_gen/valid.cstr/has_mux_a.A/douta[4]_INST_0_i_1_psbram/C (clocked by clk_4mhz) and cpu/decoder/prev_inst_reg[0]/CE (clocked by clk_100mhz). Large setup violations at the end of those stages might be difficult to fix during the post-placement implementation flow and could be the result of non-optimal XDC constraints or non-optimal design architecture
Related violations: <none>

TIMING-16#76 Warning
Large setup violation  
There is a large setup violation of -2.293 ns between rom/unit/U0/inst_blk_mem_gen/gnbram.gnativebmg.native_blk_mem_gen/valid.cstr/has_mux_a.A/douta[4]_INST_0_i_1_psbram/C (clocked by clk_4mhz) and cpu/decoder/decoded_action_reg[next_pc]/D (clocked by clk_100mhz). Large setup violations at the end of those stages might be difficult to fix during the post-placement implementation flow and could be the result of non-optimal XDC constraints or non-optimal design architecture
Related violations: <none>

TIMING-16#77 Warning
Large setup violation  
There is a large setup violation of -2.300 ns between rom/unit/U0/inst_blk_mem_gen/gnbram.gnativebmg.native_blk_mem_gen/valid.cstr/has_mux_a.A/douta[0]_INST_0_i_1_psbram/C (clocked by clk_4mhz) and cpu/decoder/decoded_action_reg[act][1]/D (clocked by clk_100mhz). Large setup violations at the end of those stages might be difficult to fix during the post-placement implementation flow and could be the result of non-optimal XDC constraints or non-optimal design architecture
Related violations: <none>

TIMING-16#78 Warning
Large setup violation  
There is a large setup violation of -2.314 ns between mram/unit/U0/inst_blk_mem_gen/gnbram.gnativebmg.native_blk_mem_gen/valid.cstr/has_mux_a.A/douta[2]_INST_0_i_1_psbram/C (clocked by clk_4mhz) and cpu/decoder/decoded_action_reg[src][2]/CE (clocked by clk_100mhz). Large setup violations at the end of those stages might be difficult to fix during the post-placement implementation flow and could be the result of non-optimal XDC constraints or non-optimal design architecture
Related violations: <none>

TIMING-16#79 Warning
Large setup violation  
There is a large setup violation of -2.314 ns between mram/unit/U0/inst_blk_mem_gen/gnbram.gnativebmg.native_blk_mem_gen/valid.cstr/has_mux_a.A/douta[2]_INST_0_i_1_psbram/C (clocked by clk_4mhz) and cpu/decoder/decoded_action_reg[src][5]/CE (clocked by clk_100mhz). Large setup violations at the end of those stages might be difficult to fix during the post-placement implementation flow and could be the result of non-optimal XDC constraints or non-optimal design architecture
Related violations: <none>

TIMING-16#80 Warning
Large setup violation  
There is a large setup violation of -2.314 ns between mram/unit/U0/inst_blk_mem_gen/gnbram.gnativebmg.native_blk_mem_gen/valid.cstr/has_mux_a.A/douta[2]_INST_0_i_1_psbram/C (clocked by clk_4mhz) and cpu/decoder/decoded_action_reg[src][6]/CE (clocked by clk_100mhz). Large setup violations at the end of those stages might be difficult to fix during the post-placement implementation flow and could be the result of non-optimal XDC constraints or non-optimal design architecture
Related violations: <none>

TIMING-16#81 Warning
Large setup violation  
There is a large setup violation of -2.316 ns between rom/unit/U0/inst_blk_mem_gen/gnbram.gnativebmg.native_blk_mem_gen/valid.cstr/has_mux_a.A/douta[0]_INST_0_i_1_psbram/C (clocked by clk_4mhz) and cpu/decoder/decoded_action_reg[src][7]/D (clocked by clk_100mhz). Large setup violations at the end of those stages might be difficult to fix during the post-placement implementation flow and could be the result of non-optimal XDC constraints or non-optimal design architecture
Related violations: <none>

TIMING-16#82 Warning
Large setup violation  
There is a large setup violation of -2.319 ns between rom/unit/U0/inst_blk_mem_gen/gnbram.gnativebmg.native_blk_mem_gen/valid.cstr/has_mux_a.A/douta[0]_INST_0_i_1_psbram/C (clocked by clk_4mhz) and cpu/decoder/cycles_left_reg[2]/D (clocked by clk_100mhz). Large setup violations at the end of those stages might be difficult to fix during the post-placement implementation flow and could be the result of non-optimal XDC constraints or non-optimal design architecture
Related violations: <none>

TIMING-16#83 Warning
Large setup violation  
There is a large setup violation of -2.319 ns between rom/unit/U0/inst_blk_mem_gen/gnbram.gnativebmg.native_blk_mem_gen/valid.cstr/has_mux_a.A/douta[1]_INST_0_i_2_psbram/C (clocked by clk_4mhz) and cpu/decoder/decoded_action_reg[arg][7]/CE (clocked by clk_100mhz). Large setup violations at the end of those stages might be difficult to fix during the post-placement implementation flow and could be the result of non-optimal XDC constraints or non-optimal design architecture
Related violations: <none>

TIMING-16#84 Warning
Large setup violation  
There is a large setup violation of -2.323 ns between rom/unit/U0/inst_blk_mem_gen/gnbram.gnativebmg.native_blk_mem_gen/valid.cstr/has_mux_a.A/douta[4]_INST_0_i_1_psbram/C (clocked by clk_4mhz) and cpu/decoder/decoded_action_reg[act][2]/CE (clocked by clk_100mhz). Large setup violations at the end of those stages might be difficult to fix during the post-placement implementation flow and could be the result of non-optimal XDC constraints or non-optimal design architecture
Related violations: <none>

TIMING-16#85 Warning
Large setup violation  
There is a large setup violation of -2.323 ns between rom/unit/U0/inst_blk_mem_gen/gnbram.gnativebmg.native_blk_mem_gen/valid.cstr/has_mux_a.A/douta[4]_INST_0_i_1_psbram/C (clocked by clk_4mhz) and cpu/decoder/decoded_action_reg[act][3]/CE (clocked by clk_100mhz). Large setup violations at the end of those stages might be difficult to fix during the post-placement implementation flow and could be the result of non-optimal XDC constraints or non-optimal design architecture
Related violations: <none>

TIMING-16#86 Warning
Large setup violation  
There is a large setup violation of -2.323 ns between rom/unit/U0/inst_blk_mem_gen/gnbram.gnativebmg.native_blk_mem_gen/valid.cstr/has_mux_a.A/douta[4]_INST_0_i_1_psbram/C (clocked by clk_4mhz) and cpu/decoder/decoded_action_reg[act][4]/CE (clocked by clk_100mhz). Large setup violations at the end of those stages might be difficult to fix during the post-placement implementation flow and could be the result of non-optimal XDC constraints or non-optimal design architecture
Related violations: <none>

TIMING-16#87 Warning
Large setup violation  
There is a large setup violation of -2.325 ns between rom/unit/U0/inst_blk_mem_gen/gnbram.gnativebmg.native_blk_mem_gen/valid.cstr/has_mux_a.A/douta[4]_INST_0_i_1_psbram/C (clocked by clk_4mhz) and cpu/decoder/prev_inst_reg[3]/CE (clocked by clk_100mhz). Large setup violations at the end of those stages might be difficult to fix during the post-placement implementation flow and could be the result of non-optimal XDC constraints or non-optimal design architecture
Related violations: <none>

TIMING-16#88 Warning
Large setup violation  
There is a large setup violation of -2.327 ns between rom/unit/U0/inst_blk_mem_gen/gnbram.gnativebmg.native_blk_mem_gen/valid.cstr/has_mux_a.A/douta[4]_INST_0_i_1_psbram/C (clocked by clk_4mhz) and cpu/decoder/decoded_action_reg[act][0]/CE (clocked by clk_100mhz). Large setup violations at the end of those stages might be difficult to fix during the post-placement implementation flow and could be the result of non-optimal XDC constraints or non-optimal design architecture
Related violations: <none>

TIMING-16#89 Warning
Large setup violation  
There is a large setup violation of -2.343 ns between rom/unit/U0/inst_blk_mem_gen/gnbram.gnativebmg.native_blk_mem_gen/valid.cstr/has_mux_a.A/no_softecc_norm_sel2.has_mem_regs.WITHOUT_ECC_PIPE.ce_pri.sel_pipe_d1_reg[1]_replica_2/C (clocked by clk_4mhz) and cpu/decoder/prev_inst_reg[4]/D (clocked by clk_100mhz). Large setup violations at the end of those stages might be difficult to fix during the post-placement implementation flow and could be the result of non-optimal XDC constraints or non-optimal design architecture
Related violations: <none>

TIMING-16#90 Warning
Large setup violation  
There is a large setup violation of -2.348 ns between rom/unit/U0/inst_blk_mem_gen/gnbram.gnativebmg.native_blk_mem_gen/valid.cstr/has_mux_a.A/douta[0]_INST_0_i_1_psbram/C (clocked by clk_4mhz) and cpu/decoder/decoded_action_reg[arg][1]_rep__0/D (clocked by clk_100mhz). Large setup violations at the end of those stages might be difficult to fix during the post-placement implementation flow and could be the result of non-optimal XDC constraints or non-optimal design architecture
Related violations: <none>

TIMING-16#91 Warning
Large setup violation  
There is a large setup violation of -2.351 ns between rom/unit/U0/inst_blk_mem_gen/gnbram.gnativebmg.native_blk_mem_gen/valid.cstr/has_mux_a.A/douta[0]_INST_0_i_1_psbram/C (clocked by clk_4mhz) and cpu/decoder/decoded_action_reg[arg][1]/D (clocked by clk_100mhz). Large setup violations at the end of those stages might be difficult to fix during the post-placement implementation flow and could be the result of non-optimal XDC constraints or non-optimal design architecture
Related violations: <none>

TIMING-16#92 Warning
Large setup violation  
There is a large setup violation of -2.392 ns between rom/unit/U0/inst_blk_mem_gen/gnbram.gnativebmg.native_blk_mem_gen/valid.cstr/has_mux_a.A/douta[1]_INST_0_i_2_psbram/C (clocked by clk_4mhz) and cpu/decoder/decoded_action_reg[arg][0]_rep/CE (clocked by clk_100mhz). Large setup violations at the end of those stages might be difficult to fix during the post-placement implementation flow and could be the result of non-optimal XDC constraints or non-optimal design architecture
Related violations: <none>

TIMING-16#93 Warning
Large setup violation  
There is a large setup violation of -2.392 ns between rom/unit/U0/inst_blk_mem_gen/gnbram.gnativebmg.native_blk_mem_gen/valid.cstr/has_mux_a.A/douta[1]_INST_0_i_2_psbram/C (clocked by clk_4mhz) and cpu/decoder/decoded_action_reg[arg][0]_rep__0/CE (clocked by clk_100mhz). Large setup violations at the end of those stages might be difficult to fix during the post-placement implementation flow and could be the result of non-optimal XDC constraints or non-optimal design architecture
Related violations: <none>

TIMING-16#94 Warning
Large setup violation  
There is a large setup violation of -2.408 ns between rom/unit/U0/inst_blk_mem_gen/gnbram.gnativebmg.native_blk_mem_gen/valid.cstr/has_mux_a.A/douta[0]_INST_0_i_1_psbram/C (clocked by clk_4mhz) and cpu/decoder/decoded_action_reg[dst][2]/D (clocked by clk_100mhz). Large setup violations at the end of those stages might be difficult to fix during the post-placement implementation flow and could be the result of non-optimal XDC constraints or non-optimal design architecture
Related violations: <none>

TIMING-16#95 Warning
Large setup violation  
There is a large setup violation of -2.409 ns between rom/unit/U0/inst_blk_mem_gen/gnbram.gnativebmg.native_blk_mem_gen/valid.cstr/has_mux_a.A/douta[0]_INST_0_i_1_psbram/C (clocked by clk_4mhz) and cpu/decoder/decoded_action_reg[arg][2]/D (clocked by clk_100mhz). Large setup violations at the end of those stages might be difficult to fix during the post-placement implementation flow and could be the result of non-optimal XDC constraints or non-optimal design architecture
Related violations: <none>

TIMING-16#96 Warning
Large setup violation  
There is a large setup violation of -2.412 ns between rom/unit/U0/inst_blk_mem_gen/gnbram.gnativebmg.native_blk_mem_gen/valid.cstr/has_mux_a.A/douta[1]_INST_0_i_2_psbram/C (clocked by clk_4mhz) and cpu/decoder/decoded_action_reg[arg][4]/CE (clocked by clk_100mhz). Large setup violations at the end of those stages might be difficult to fix during the post-placement implementation flow and could be the result of non-optimal XDC constraints or non-optimal design architecture
Related violations: <none>

TIMING-16#97 Warning
Large setup violation  
There is a large setup violation of -2.425 ns between rom/unit/U0/inst_blk_mem_gen/gnbram.gnativebmg.native_blk_mem_gen/valid.cstr/has_mux_a.A/douta[1]_INST_0_i_2_psbram/C (clocked by clk_4mhz) and cpu/decoder/decoded_action_reg[arg][1]/CE (clocked by clk_100mhz). Large setup violations at the end of those stages might be difficult to fix during the post-placement implementation flow and could be the result of non-optimal XDC constraints or non-optimal design architecture
Related violations: <none>

TIMING-16#98 Warning
Large setup violation  
There is a large setup violation of -2.425 ns between rom/unit/U0/inst_blk_mem_gen/gnbram.gnativebmg.native_blk_mem_gen/valid.cstr/has_mux_a.A/douta[1]_INST_0_i_2_psbram/C (clocked by clk_4mhz) and cpu/decoder/decoded_action_reg[arg][1]_rep/CE (clocked by clk_100mhz). Large setup violations at the end of those stages might be difficult to fix during the post-placement implementation flow and could be the result of non-optimal XDC constraints or non-optimal design architecture
Related violations: <none>

TIMING-16#99 Warning
Large setup violation  
There is a large setup violation of -2.425 ns between rom/unit/U0/inst_blk_mem_gen/gnbram.gnativebmg.native_blk_mem_gen/valid.cstr/has_mux_a.A/douta[1]_INST_0_i_2_psbram/C (clocked by clk_4mhz) and cpu/decoder/decoded_action_reg[arg][1]_rep__0/CE (clocked by clk_100mhz). Large setup violations at the end of those stages might be difficult to fix during the post-placement implementation flow and could be the result of non-optimal XDC constraints or non-optimal design architecture
Related violations: <none>

TIMING-16#100 Warning
Large setup violation  
There is a large setup violation of -2.431 ns between rom/unit/U0/inst_blk_mem_gen/gnbram.gnativebmg.native_blk_mem_gen/valid.cstr/has_mux_a.A/douta[0]_INST_0_i_1_psbram/C (clocked by clk_4mhz) and cpu/decoder/decoded_action_reg[arg][4]/D (clocked by clk_100mhz). Large setup violations at the end of those stages might be difficult to fix during the post-placement implementation flow and could be the result of non-optimal XDC constraints or non-optimal design architecture
Related violations: <none>

TIMING-16#101 Warning
Large setup violation  
There is a large setup violation of -2.431 ns between rom/unit/U0/inst_blk_mem_gen/gnbram.gnativebmg.native_blk_mem_gen/valid.cstr/has_mux_a.A/douta[1]_INST_0_i_2_psbram/C (clocked by clk_4mhz) and cpu/decoder/decoded_action_reg[arg][0]/CE (clocked by clk_100mhz). Large setup violations at the end of those stages might be difficult to fix during the post-placement implementation flow and could be the result of non-optimal XDC constraints or non-optimal design architecture
Related violations: <none>

TIMING-16#102 Warning
Large setup violation  
There is a large setup violation of -2.436 ns between rom/unit/U0/inst_blk_mem_gen/gnbram.gnativebmg.native_blk_mem_gen/valid.cstr/has_mux_a.A/douta[4]_INST_0_i_1_psbram/C (clocked by clk_4mhz) and cpu/decoder/decoded_action_reg[act][1]/CE (clocked by clk_100mhz). Large setup violations at the end of those stages might be difficult to fix during the post-placement implementation flow and could be the result of non-optimal XDC constraints or non-optimal design architecture
Related violations: <none>

TIMING-16#103 Warning
Large setup violation  
There is a large setup violation of -2.476 ns between rom/unit/U0/inst_blk_mem_gen/gnbram.gnativebmg.native_blk_mem_gen/valid.cstr/has_mux_a.A/douta[0]_INST_0_i_1_psbram/C (clocked by clk_4mhz) and cpu/decoder/decoded_action_reg[arg][1]_rep/D (clocked by clk_100mhz). Large setup violations at the end of those stages might be difficult to fix during the post-placement implementation flow and could be the result of non-optimal XDC constraints or non-optimal design architecture
Related violations: <none>

TIMING-16#104 Warning
Large setup violation  
There is a large setup violation of -2.476 ns between rom/unit/U0/inst_blk_mem_gen/gnbram.gnativebmg.native_blk_mem_gen/valid.cstr/has_mux_a.A/douta[1]_INST_0_i_2_psbram/C (clocked by clk_4mhz) and cpu/decoder/decoded_action_reg[arg][2]/CE (clocked by clk_100mhz). Large setup violations at the end of those stages might be difficult to fix during the post-placement implementation flow and could be the result of non-optimal XDC constraints or non-optimal design architecture
Related violations: <none>

TIMING-16#105 Warning
Large setup violation  
There is a large setup violation of -2.497 ns between rom/unit/U0/inst_blk_mem_gen/gnbram.gnativebmg.native_blk_mem_gen/valid.cstr/has_mux_a.A/douta[0]_INST_0_i_1_psbram/C (clocked by clk_4mhz) and cpu/decoder/cycles_left_reg[2]_rep__0/D (clocked by clk_100mhz). Large setup violations at the end of those stages might be difficult to fix during the post-placement implementation flow and could be the result of non-optimal XDC constraints or non-optimal design architecture
Related violations: <none>

TIMING-18#1 Warning
Missing input or output delay  
An input delay is missing on sw[0] relative to clock(s) clk_100mhz
Related violations: <none>

TIMING-18#2 Warning
Missing input or output delay  
An input delay is missing on sw[10] relative to clock(s) clk_100mhz
Related violations: <none>

TIMING-18#3 Warning
Missing input or output delay  
An input delay is missing on sw[11] relative to clock(s) clk_100mhz
Related violations: <none>

TIMING-18#4 Warning
Missing input or output delay  
An input delay is missing on sw[12] relative to clock(s) clk_100mhz
Related violations: <none>

TIMING-18#5 Warning
Missing input or output delay  
An input delay is missing on sw[13] relative to clock(s) clk_100mhz
Related violations: <none>

TIMING-18#6 Warning
Missing input or output delay  
An input delay is missing on sw[14] relative to clock(s) clk_100mhz
Related violations: <none>

TIMING-18#7 Warning
Missing input or output delay  
An input delay is missing on sw[15] relative to clock(s) clk_100mhz
Related violations: <none>

TIMING-18#8 Warning
Missing input or output delay  
An input delay is missing on sw[1] relative to clock(s) clk_100mhz
Related violations: <none>

TIMING-18#9 Warning
Missing input or output delay  
An input delay is missing on sw[2] relative to clock(s) clk_100mhz
Related violations: <none>

TIMING-18#10 Warning
Missing input or output delay  
An input delay is missing on sw[3] relative to clock(s) clk_100mhz
Related violations: <none>

TIMING-18#11 Warning
Missing input or output delay  
An input delay is missing on sw[4] relative to clock(s) clk_100mhz
Related violations: <none>

TIMING-18#12 Warning
Missing input or output delay  
An input delay is missing on sw[5] relative to clock(s) clk_100mhz
Related violations: <none>

TIMING-18#13 Warning
Missing input or output delay  
An input delay is missing on sw[6] relative to clock(s) clk_100mhz
Related violations: <none>

TIMING-18#14 Warning
Missing input or output delay  
An input delay is missing on sw[7] relative to clock(s) clk_100mhz
Related violations: <none>

TIMING-18#15 Warning
Missing input or output delay  
An input delay is missing on sw[8] relative to clock(s) clk_100mhz
Related violations: <none>

TIMING-18#16 Warning
Missing input or output delay  
An input delay is missing on sw[9] relative to clock(s) clk_100mhz
Related violations: <none>

TIMING-18#17 Warning
Missing input or output delay  
An output delay is missing on led[0] relative to clock(s) clk_100mhz
Related violations: <none>

TIMING-18#18 Warning
Missing input or output delay  
An output delay is missing on led[10] relative to clock(s) clk_100mhz
Related violations: <none>

TIMING-18#19 Warning
Missing input or output delay  
An output delay is missing on led[11] relative to clock(s) clk_100mhz
Related violations: <none>

TIMING-18#20 Warning
Missing input or output delay  
An output delay is missing on led[12] relative to clock(s) clk_100mhz
Related violations: <none>

TIMING-18#21 Warning
Missing input or output delay  
An output delay is missing on led[13] relative to clock(s) clk_100mhz
Related violations: <none>

TIMING-18#22 Warning
Missing input or output delay  
An output delay is missing on led[14] relative to clock(s) clk_100mhz
Related violations: <none>

TIMING-18#23 Warning
Missing input or output delay  
An output delay is missing on led[15] relative to clock(s) clk_100mhz
Related violations: <none>

TIMING-18#24 Warning
Missing input or output delay  
An output delay is missing on led[1] relative to clock(s) clk_100mhz
Related violations: <none>

TIMING-18#25 Warning
Missing input or output delay  
An output delay is missing on led[2] relative to clock(s) clk_100mhz
Related violations: <none>

TIMING-18#26 Warning
Missing input or output delay  
An output delay is missing on led[3] relative to clock(s) clk_100mhz
Related violations: <none>

TIMING-18#27 Warning
Missing input or output delay  
An output delay is missing on led[4] relative to clock(s) clk_100mhz
Related violations: <none>

TIMING-18#28 Warning
Missing input or output delay  
An output delay is missing on led[5] relative to clock(s) clk_100mhz
Related violations: <none>

TIMING-18#29 Warning
Missing input or output delay  
An output delay is missing on led[6] relative to clock(s) clk_100mhz
Related violations: <none>

TIMING-18#30 Warning
Missing input or output delay  
An output delay is missing on led[7] relative to clock(s) clk_100mhz
Related violations: <none>

TIMING-18#31 Warning
Missing input or output delay  
An output delay is missing on led[8] relative to clock(s) clk_100mhz
Related violations: <none>

TIMING-18#32 Warning
Missing input or output delay  
An output delay is missing on led[9] relative to clock(s) clk_100mhz
Related violations: <none>


